<?xml version="1.0" encoding="UTF-8"?>
<!-- Generated by org.testng.reporters.JUnitReportReporter -->
<testsuite skipped="0" hostname="DESKTOP-5VRI89S" name="rahulshettyacademy.Mavenjavanew.RestApiTest" tests="2" failures="0" timestamp="2021-02-16T16:17:00 CST" time="0.000" errors="0">
  <testcase name="GetAPIS" time="0.000" classname="rahulshettyacademy.Mavenjavanew.RestApiTest"/>
  <system-out/>
  <testcase name="RestApis" time="0.000" classname="rahulshettyacademy.Mavenjavanew.RestApiTest"/>
  <system-out/>
</testsuite> <!-- rahulshettyacademy.Mavenjavanew.RestApiTest -->
