<?xml version="1.0" encoding="UTF-8"?>
<!-- Generated by org.testng.reporters.JUnitReportReporter -->
<testsuite skipped="0" hostname="DESKTOP-5VRI89S" name="rahulshettyacademy.Mavenjavanew.AppTest" tests="1" failures="0" timestamp="2021-02-16T16:17:00 CST" time="0.012" errors="0">
  <testcase name="shouldAnswerWithTrue" time="0.012" classname="rahulshettyacademy.Mavenjavanew.AppTest"/>
  <system-out/>
</testsuite> <!-- rahulshettyacademy.Mavenjavanew.AppTest -->
