<?xml version="1.0" encoding="UTF-8"?>
<!-- Generated by org.testng.reporters.JUnitReportReporter -->
<testsuite hostname="DESKTOP-5VRI89S" failures="0" tests="2" name="rahulshettyacademy.Mavenjavanew.AppiumTest" time="0.020" errors="0" timestamp="2021-02-16T16:37:44 CST" skipped="0">
  <testcase classname="rahulshettyacademy.Mavenjavanew.AppiumTest" name="AndroidApps" time="0.018"/>
  <system-out/>
  <testcase classname="rahulshettyacademy.Mavenjavanew.AppiumTest" name="IOSAPPS" time="0.002"/>
  <system-out/>
</testsuite> <!-- rahulshettyacademy.Mavenjavanew.AppiumTest -->
