<?xml version="1.0" encoding="UTF-8"?>
<!-- Generated by org.testng.reporters.JUnitReportReporter -->
<testsuite hostname="DESKTOP-5VRI89S" failures="0" tests="2" name="rahulshettyacademy.Mavenjavanew.RestApiTest" time="0.005" errors="0" timestamp="2021-02-16T16:37:44 CST" skipped="0">
  <testcase classname="rahulshettyacademy.Mavenjavanew.RestApiTest" name="GetAPIS" time="0.002"/>
  <system-out/>
  <testcase classname="rahulshettyacademy.Mavenjavanew.RestApiTest" name="RestApis" time="0.003"/>
  <system-out/>
</testsuite> <!-- rahulshettyacademy.Mavenjavanew.RestApiTest -->
