<?xml version="1.0" encoding="UTF-8"?>
<!-- Generated by org.testng.reporters.JUnitReportReporter -->
<testsuite skipped="0" hostname="DESKTOP-5VRI89S" name="rahulshettyacademy.Mavenjavanew.SeleniumTest" tests="2" failures="0" timestamp="2021-02-17T15:33:10 CST" time="0.002" errors="0">
  <testcase name="Webdriver" time="0.001" classname="rahulshettyacademy.Mavenjavanew.SeleniumTest"/>
  <system-out/>
  <testcase name="Selenium" time="0.001" classname="rahulshettyacademy.Mavenjavanew.SeleniumTest"/>
  <system-out/>
</testsuite> <!-- rahulshettyacademy.Mavenjavanew.SeleniumTest -->
