<?xml version="1.0" encoding="UTF-8"?>
<!-- Generated by org.testng.reporters.JUnitReportReporter -->
<testsuite skipped="0" hostname="DESKTOP-5VRI89S" name="rahulshettyacademy.Mavenjavanew.AppiumTest" tests="2" failures="0" timestamp="2021-02-17T15:20:51 CST" time="0.013" errors="0">
  <testcase name="AndroidApps" time="0.012" classname="rahulshettyacademy.Mavenjavanew.AppiumTest"/>
  <system-out/>
  <testcase name="IOSAPPS" time="0.001" classname="rahulshettyacademy.Mavenjavanew.AppiumTest"/>
  <system-out/>
</testsuite> <!-- rahulshettyacademy.Mavenjavanew.AppiumTest -->
